130fec6623a0
*** Reading local file: /home/project/airflow/logs/dag_id=process_web_log/run_id=manual__2023-02-14T06:26:01.140266+00:00/task_id=extract_data/attempt=1.log
[2023-02-14 06:26:02,187] {taskinstance.py:1179} INFO - Dependencies all met for <TaskInstance: process_web_log.extract_data manual__2023-02-14T06:26:01.140266+00:00 [queued]>
[2023-02-14 06:26:02,199] {taskinstance.py:1179} INFO - Dependencies all met for <TaskInstance: process_web_log.extract_data manual__2023-02-14T06:26:01.140266+00:00 [queued]>
[2023-02-14 06:26:02,199] {taskinstance.py:1376} INFO - 
--------------------------------------------------------------------------------
[2023-02-14 06:26:02,199] {taskinstance.py:1377} INFO - Starting attempt 1 of 1
[2023-02-14 06:26:02,199] {taskinstance.py:1378} INFO - 
--------------------------------------------------------------------------------
[2023-02-14 06:26:02,217] {taskinstance.py:1397} INFO - Executing <Task(BashOperator): extract_data> on 2023-02-14 06:26:01.140266+00:00
[2023-02-14 06:26:02,224] {standard_task_runner.py:52} INFO - Started process 5273 to run task
[2023-02-14 06:26:02,229] {standard_task_runner.py:79} INFO - Running: ['***', 'tasks', 'run', 'process_web_log', 'extract_data', 'manual__2023-02-14T06:26:01.140266+00:00', '--job-id', '26', '--raw', '--subdir', 'DAGS_FOLDER/process_web_log.py', '--cfg-path', '/tmp/tmphz9mh5zq', '--error-file', '/tmp/tmp0otucof2']
[2023-02-14 06:26:02,229] {standard_task_runner.py:80} INFO - Job 26: Subtask extract_data
[2023-02-14 06:26:02,361] {task_command.py:371} INFO - Running <TaskInstance: process_web_log.extract_data manual__2023-02-14T06:26:01.140266+00:00 [running]> on host 130fec6623a0
[2023-02-14 06:26:02,541] {taskinstance.py:1591} INFO - Exporting the following env vars:
AIRFLOW_CTX_DAG_EMAIL=brandon@ibmcapstone.org
AIRFLOW_CTX_DAG_OWNER=me
AIRFLOW_CTX_DAG_ID=process_web_log
AIRFLOW_CTX_TASK_ID=extract_data
AIRFLOW_CTX_EXECUTION_DATE=2023-02-14T06:26:01.140266+00:00
AIRFLOW_CTX_TRY_NUMBER=1
AIRFLOW_CTX_DAG_RUN_ID=manual__2023-02-14T06:26:01.140266+00:00
[2023-02-14 06:26:02,543] {subprocess.py:62} INFO - Tmp dir root location: 
 /tmp
[2023-02-14 06:26:02,544] {subprocess.py:74} INFO - Running command: ['bash', '-c', 'cut -f1 -d" " $AIRFLOW_HOME/dags/capstone/accesslog.txt > $AIRFLOW_HOME/dags/capstone/extracted_data.txt']
[2023-02-14 06:26:02,567] {subprocess.py:85} INFO - Output:
[2023-02-14 06:26:02,582] {subprocess.py:96} INFO - Command exited with return code 0
[2023-02-14 06:26:02,633] {taskinstance.py:1420} INFO - Marking task as SUCCESS. dag_id=process_web_log, task_id=extract_data, execution_date=20230214T062601, start_date=20230214T062602, end_date=20230214T062602
[2023-02-14 06:26:02,682] {local_task_job.py:156} INFO - Task exited with return code 0
[2023-02-14 06:26:02,764] {local_task_job.py:273} INFO - 1 downstream tasks scheduled from follow-on schedule check

